This file contains any messages produced by compilers while
running configure, to aid debugging if configure makes a mistake.

It was created by rquota configure 2.2.8, which was
generated by GNU Autoconf 2.63.  Invocation command line was

  $ ./configure LDFLAGS=-static

## --------- ##
## Platform. ##
## --------- ##

hostname = clarinet002-157
uname -m = x86_64
uname -r = 3.2.41-bpo.4-ritg1-amd64
uname -s = Linux
uname -v = #1 SMP Thu May 16 16:59:46 EDT 2013

/usr/bin/uname -p = unknown
/bin/uname -X     = unknown

/bin/arch              = unknown
/usr/bin/arch -k       = unknown
/usr/convex/getsysinfo = unknown
/usr/bin/hostinfo      = unknown
/bin/machine           = unknown
/usr/bin/oslevel       = unknown
/bin/universe          = unknown

PATH: /usr/local/sbin
PATH: /usr/local/bin
PATH: /usr/sbin
PATH: /usr/bin
PATH: /sbin
PATH: /bin


## ----------- ##
## Core tests. ##
## ----------- ##

configure:1913: checking build system type
configure:1931: result: x86_64-unknown-linux-gnu
configure:1953: checking host system type
configure:1968: result: x86_64-unknown-linux-gnu
configure:1990: checking target system type
configure:2005: result: x86_64-unknown-linux-gnu
configure:2034: checking metadata
configure:2207: result: yes
configure:2212: checking installation directory variables
configure:2335: result: yes
configure:2358: checking for a BSD-compatible install
configure:2426: result: /usr/bin/install -c
configure:2437: checking whether build environment is sane
configure:2497: result: yes
configure:2638: checking for a thread-safe mkdir -p
configure:2677: result: /bin/mkdir -p
configure:2690: checking for gawk
configure:2706: found /usr/bin/gawk
configure:2717: result: gawk
configure:2728: checking whether make sets $(MAKE)
configure:2750: result: yes
configure:2835: checking whether to enable maintainer-specific portions of Makefiles
configure:2844: result: no
configure:2909: checking for gcc
configure:2925: found /usr/bin/gcc
configure:2936: result: gcc
configure:3168: checking for C compiler version
configure:3176: gcc --version >&5
gcc (Debian 4.4.5-8) 4.4.5
Copyright (C) 2010 Free Software Foundation, Inc.
This is free software; see the source for copying conditions.  There is NO
warranty; not even for MERCHANTABILITY or FITNESS FOR A PARTICULAR PURPOSE.

configure:3180: $? = 0
configure:3187: gcc -v >&5
Using built-in specs.
Target: x86_64-linux-gnu
Configured with: ../src/configure -v --with-pkgversion='Debian 4.4.5-8' --with-bugurl=file:///usr/share/doc/gcc-4.4/README.Bugs --enable-languages=c,c++,fortran,objc,obj-c++ --prefix=/usr --program-suffix=-4.4 --enable-shared --enable-multiarch --enable-linker-build-id --with-system-zlib --libexecdir=/usr/lib --without-included-gettext --enable-threads=posix --with-gxx-include-dir=/usr/include/c++/4.4 --libdir=/usr/lib --enable-nls --enable-clocale=gnu --enable-libstdcxx-debug --enable-objc-gc --with-arch-32=i586 --with-tune=generic --enable-checking=release --build=x86_64-linux-gnu --host=x86_64-linux-gnu --target=x86_64-linux-gnu
Thread model: posix
gcc version 4.4.5 (Debian 4.4.5-8) 
configure:3191: $? = 0
configure:3198: gcc -V >&5
gcc: '-V' option must have argument
configure:3202: $? = 1
configure:3225: checking for C compiler default output file name
configure:3247: gcc   -static conftest.c  >&5
configure:3251: $? = 0
configure:3289: result: a.out
configure:3308: checking whether the C compiler works
configure:3318: ./a.out
configure:3322: $? = 0
configure:3341: result: yes
configure:3348: checking whether we are cross compiling
configure:3350: result: no
configure:3353: checking for suffix of executables
configure:3360: gcc -o conftest   -static conftest.c  >&5
configure:3364: $? = 0
configure:3390: result: 
configure:3396: checking for suffix of object files
configure:3422: gcc -c   conftest.c >&5
configure:3426: $? = 0
configure:3451: result: o
configure:3455: checking whether we are using the GNU C compiler
configure:3484: gcc -c   conftest.c >&5
configure:3491: $? = 0
configure:3508: result: yes
configure:3517: checking whether gcc accepts -g
configure:3547: gcc -c -g  conftest.c >&5
configure:3554: $? = 0
configure:3655: result: yes
configure:3672: checking for gcc option to accept ISO C89
configure:3746: gcc  -c -g -O2  conftest.c >&5
configure:3753: $? = 0
configure:3776: result: none needed
configure:3805: checking for style of include used by make
configure:3833: result: GNU
configure:3858: checking dependency style of gcc
configure:3968: result: gcc3
configure:3987: checking whether to force 64-bit mode on ppc64
configure:3994: result: no
configure:4008: checking how to run the C preprocessor
configure:4048: gcc -E  conftest.c
configure:4055: $? = 0
configure:4086: gcc -E  conftest.c
conftest.c:29:28: error: ac_nonexistent.h: No such file or directory
configure:4093: $? = 1
configure: failed program was:
| /* confdefs.h.  */
| #define PACKAGE_NAME "rquota"
| #define PACKAGE_TARNAME "rquota"
| #define PACKAGE_VERSION "2.2.8"
| #define PACKAGE_STRING "rquota 2.2.8"
| #define PACKAGE_BUGREPORT ""
| #define META_NAME "rquota"
| #define META_VERSION "2.2.8"
| #define META_RELEASE "1"
| #define META_ALIAS "rquota-2.2.8"
| #define META_DATE "2012-06-07"
| #define X_PREFIX "/usr/local"
| #define X_EXEC_PREFIX "/usr/local"
| #define X_BINDIR "/usr/local/bin"
| #define X_SBINDIR "/usr/local/sbin"
| #define X_LIBEXECDIR "/usr/local/libexec"
| #define X_DATADIR "${prefix}/share"
| #define X_SYSCONFDIR "/usr/local/etc"
| #define X_SHAREDSTATEDIR "/usr/local/com"
| #define X_LOCALSTATEDIR "/usr/local/var"
| #define X_LIBDIR "/usr/local/lib"
| #define X_INCLUDEDIR "/usr/local/include"
| #define X_OLDINCLUDEDIR "/usr/include"
| #define X_INFODIR "${prefix}/share/info"
| #define X_MANDIR "${prefix}/share/man"
| #define PACKAGE "rquota"
| #define VERSION "2.2.8"
| /* end confdefs.h.  */
| #include <ac_nonexistent.h>
configure:4126: result: gcc -E
configure:4155: gcc -E  conftest.c
configure:4162: $? = 0
configure:4193: gcc -E  conftest.c
conftest.c:29:28: error: ac_nonexistent.h: No such file or directory
configure:4200: $? = 1
configure: failed program was:
| /* confdefs.h.  */
| #define PACKAGE_NAME "rquota"
| #define PACKAGE_TARNAME "rquota"
| #define PACKAGE_VERSION "2.2.8"
| #define PACKAGE_STRING "rquota 2.2.8"
| #define PACKAGE_BUGREPORT ""
| #define META_NAME "rquota"
| #define META_VERSION "2.2.8"
| #define META_RELEASE "1"
| #define META_ALIAS "rquota-2.2.8"
| #define META_DATE "2012-06-07"
| #define X_PREFIX "/usr/local"
| #define X_EXEC_PREFIX "/usr/local"
| #define X_BINDIR "/usr/local/bin"
| #define X_SBINDIR "/usr/local/sbin"
| #define X_LIBEXECDIR "/usr/local/libexec"
| #define X_DATADIR "${prefix}/share"
| #define X_SYSCONFDIR "/usr/local/etc"
| #define X_SHAREDSTATEDIR "/usr/local/com"
| #define X_LOCALSTATEDIR "/usr/local/var"
| #define X_LIBDIR "/usr/local/lib"
| #define X_INCLUDEDIR "/usr/local/include"
| #define X_OLDINCLUDEDIR "/usr/include"
| #define X_INFODIR "${prefix}/share/info"
| #define X_MANDIR "${prefix}/share/man"
| #define PACKAGE "rquota"
| #define VERSION "2.2.8"
| /* end confdefs.h.  */
| #include <ac_nonexistent.h>
configure:4240: checking for grep that handles long lines and -e
configure:4300: result: /bin/grep
configure:4305: checking for egrep
configure:4369: result: /bin/grep -E
configure:4374: checking for ANSI C header files
configure:4404: gcc -c -g -O2  conftest.c >&5
configure:4411: $? = 0
configure:4510: gcc -o conftest -g -O2  -static conftest.c  >&5
configure:4514: $? = 0
configure:4520: ./conftest
configure:4524: $? = 0
configure:4542: result: yes
configure:4566: checking for sys/types.h
configure:4587: gcc -c -g -O2  conftest.c >&5
configure:4594: $? = 0
configure:4611: result: yes
configure:4566: checking for sys/stat.h
configure:4587: gcc -c -g -O2  conftest.c >&5
configure:4594: $? = 0
configure:4611: result: yes
configure:4566: checking for stdlib.h
configure:4587: gcc -c -g -O2  conftest.c >&5
configure:4594: $? = 0
configure:4611: result: yes
configure:4566: checking for string.h
configure:4587: gcc -c -g -O2  conftest.c >&5
configure:4594: $? = 0
configure:4611: result: yes
configure:4566: checking for memory.h
configure:4587: gcc -c -g -O2  conftest.c >&5
configure:4594: $? = 0
configure:4611: result: yes
configure:4566: checking for strings.h
configure:4587: gcc -c -g -O2  conftest.c >&5
configure:4594: $? = 0
configure:4611: result: yes
configure:4566: checking for inttypes.h
configure:4587: gcc -c -g -O2  conftest.c >&5
configure:4594: $? = 0
configure:4611: result: yes
configure:4566: checking for stdint.h
configure:4587: gcc -c -g -O2  conftest.c >&5
configure:4594: $? = 0
configure:4611: result: yes
configure:4566: checking for unistd.h
configure:4587: gcc -c -g -O2  conftest.c >&5
configure:4594: $? = 0
configure:4611: result: yes
configure:4643: checking getopt.h usability
configure:4660: gcc -c -g -O2  conftest.c >&5
configure:4667: $? = 0
configure:4681: result: yes
configure:4685: checking getopt.h presence
configure:4700: gcc -E  conftest.c
configure:4707: $? = 0
configure:4721: result: yes
configure:4749: checking for getopt.h
configure:4758: result: yes
configure:4778: checking whether byte ordering is bigendian
configure:4803: gcc -c -g -O2  conftest.c >&5
conftest.c:41: error: expected '=', ',', ';', 'asm' or '__attribute__' before 'a'
configure:4810: $? = 1
configure: failed program was:
| /* confdefs.h.  */
| #define PACKAGE_NAME "rquota"
| #define PACKAGE_TARNAME "rquota"
| #define PACKAGE_VERSION "2.2.8"
| #define PACKAGE_STRING "rquota 2.2.8"
| #define PACKAGE_BUGREPORT ""
| #define META_NAME "rquota"
| #define META_VERSION "2.2.8"
| #define META_RELEASE "1"
| #define META_ALIAS "rquota-2.2.8"
| #define META_DATE "2012-06-07"
| #define X_PREFIX "/usr/local"
| #define X_EXEC_PREFIX "/usr/local"
| #define X_BINDIR "/usr/local/bin"
| #define X_SBINDIR "/usr/local/sbin"
| #define X_LIBEXECDIR "/usr/local/libexec"
| #define X_DATADIR "${prefix}/share"
| #define X_SYSCONFDIR "/usr/local/etc"
| #define X_SHAREDSTATEDIR "/usr/local/com"
| #define X_LOCALSTATEDIR "/usr/local/var"
| #define X_LIBDIR "/usr/local/lib"
| #define X_INCLUDEDIR "/usr/local/include"
| #define X_OLDINCLUDEDIR "/usr/include"
| #define X_INFODIR "${prefix}/share/info"
| #define X_MANDIR "${prefix}/share/man"
| #define PACKAGE "rquota"
| #define VERSION "2.2.8"
| #define STDC_HEADERS 1
| #define HAVE_SYS_TYPES_H 1
| #define HAVE_SYS_STAT_H 1
| #define HAVE_STDLIB_H 1
| #define HAVE_STRING_H 1
| #define HAVE_MEMORY_H 1
| #define HAVE_STRINGS_H 1
| #define HAVE_INTTYPES_H 1
| #define HAVE_STDINT_H 1
| #define HAVE_UNISTD_H 1
| #define HAVE_GETOPT_H 1
| /* end confdefs.h.  */
| #ifndef __APPLE_CC__
| 	       not a universal capable compiler
| 	     #endif
| 	     typedef int dummy;
| 
configure:4860: gcc -c -g -O2  conftest.c >&5
configure:4867: $? = 0
configure:4899: gcc -c -g -O2  conftest.c >&5
conftest.c: In function 'main':
conftest.c:47: error: 'not' undeclared (first use in this function)
conftest.c:47: error: (Each undeclared identifier is reported only once
conftest.c:47: error: for each function it appears in.)
conftest.c:47: error: expected ';' before 'big'
configure:4906: $? = 1
configure: failed program was:
| /* confdefs.h.  */
| #define PACKAGE_NAME "rquota"
| #define PACKAGE_TARNAME "rquota"
| #define PACKAGE_VERSION "2.2.8"
| #define PACKAGE_STRING "rquota 2.2.8"
| #define PACKAGE_BUGREPORT ""
| #define META_NAME "rquota"
| #define META_VERSION "2.2.8"
| #define META_RELEASE "1"
| #define META_ALIAS "rquota-2.2.8"
| #define META_DATE "2012-06-07"
| #define X_PREFIX "/usr/local"
| #define X_EXEC_PREFIX "/usr/local"
| #define X_BINDIR "/usr/local/bin"
| #define X_SBINDIR "/usr/local/sbin"
| #define X_LIBEXECDIR "/usr/local/libexec"
| #define X_DATADIR "${prefix}/share"
| #define X_SYSCONFDIR "/usr/local/etc"
| #define X_SHAREDSTATEDIR "/usr/local/com"
| #define X_LOCALSTATEDIR "/usr/local/var"
| #define X_LIBDIR "/usr/local/lib"
| #define X_INCLUDEDIR "/usr/local/include"
| #define X_OLDINCLUDEDIR "/usr/include"
| #define X_INFODIR "${prefix}/share/info"
| #define X_MANDIR "${prefix}/share/man"
| #define PACKAGE "rquota"
| #define VERSION "2.2.8"
| #define STDC_HEADERS 1
| #define HAVE_SYS_TYPES_H 1
| #define HAVE_SYS_STAT_H 1
| #define HAVE_STDLIB_H 1
| #define HAVE_STRING_H 1
| #define HAVE_MEMORY_H 1
| #define HAVE_STRINGS_H 1
| #define HAVE_INTTYPES_H 1
| #define HAVE_STDINT_H 1
| #define HAVE_UNISTD_H 1
| #define HAVE_GETOPT_H 1
| /* end confdefs.h.  */
| #include <sys/types.h>
| 		#include <sys/param.h>
| 
| int
| main ()
| {
| #if BYTE_ORDER != BIG_ENDIAN
| 		 not big endian
| 		#endif
| 
|   ;
|   return 0;
| }
configure:5158: result: no
configure:5183: checking for an ANSI C-conforming const
configure:5258: gcc -c -g -O2  conftest.c >&5
configure:5265: $? = 0
configure:5280: result: yes
configure:5300: checking for getopt_long
configure:5356: gcc -o conftest -g -O2  -static conftest.c  >&5
configure:5363: $? = 0
configure:5385: result: yes
configure:5397: checking for library containing clnt_create
configure:5438: gcc -o conftest -g -O2  -static conftest.c  >&5
configure:5445: $? = 0
configure:5476: result: none required
configure:5496: checking for llapi_quotactl in -llustreapi
configure:5531: gcc -o conftest -g -O2  -static conftest.c -llustreapi   >&5
/usr/lib/gcc/x86_64-linux-gnu/4.4.5/../../../../lib/liblustreapi.a(liblustreapi.o): In function `rmtacl_name2id':
/tmp/lustre-b2_4/lustre/utils/liblustreapi.c:3506: warning: Using 'getgrnam' in statically linked applications requires at runtime the shared libraries from the glibc version used for linking
/tmp/lustre-b2_4/lustre/utils/liblustreapi.c:3498: warning: Using 'getpwnam' in statically linked applications requires at runtime the shared libraries from the glibc version used for linking
configure:5538: $? = 0
configure:5559: result: yes
configure:5738: creating ./config.status

## ---------------------- ##
## Running config.status. ##
## ---------------------- ##

This file was extended by rquota config.status 2.2.8, which was
generated by GNU Autoconf 2.63.  Invocation command line was

  CONFIG_FILES    = 
  CONFIG_HEADERS  = 
  CONFIG_LINKS    = 
  CONFIG_COMMANDS = 
  $ ./config.status 

on clarinet002-157

config.status:843: creating Makefile
config.status:843: creating rquota.spec
config.status:843: creating src/Makefile
config.status:843: creating test/Makefile
config.status:843: creating man/Makefile
config.status:843: creating man/quota.1
config.status:843: creating man/quota.conf.5
config.status:843: creating man/repquota.8
config.status:843: creating etc/Makefile
config.status:843: creating config/config.h
config.status:1065: config/config.h is unchanged
config.status:1117: executing depfiles commands

## ---------------- ##
## Cache variables. ##
## ---------------- ##

ac_cv_build=x86_64-unknown-linux-gnu
ac_cv_c_bigendian=no
ac_cv_c_compiler_gnu=yes
ac_cv_c_const=yes
ac_cv_env_CC_set=
ac_cv_env_CC_value=
ac_cv_env_CFLAGS_set=
ac_cv_env_CFLAGS_value=
ac_cv_env_CPPFLAGS_set=
ac_cv_env_CPPFLAGS_value=
ac_cv_env_CPP_set=
ac_cv_env_CPP_value=
ac_cv_env_LDFLAGS_set=set
ac_cv_env_LDFLAGS_value=-static
ac_cv_env_LIBS_set=
ac_cv_env_LIBS_value=
ac_cv_env_build_alias_set=
ac_cv_env_build_alias_value=
ac_cv_env_host_alias_set=
ac_cv_env_host_alias_value=
ac_cv_env_target_alias_set=
ac_cv_env_target_alias_value=
ac_cv_func_getopt_long=yes
ac_cv_header_getopt_h=yes
ac_cv_header_inttypes_h=yes
ac_cv_header_memory_h=yes
ac_cv_header_stdc=yes
ac_cv_header_stdint_h=yes
ac_cv_header_stdlib_h=yes
ac_cv_header_string_h=yes
ac_cv_header_strings_h=yes
ac_cv_header_sys_stat_h=yes
ac_cv_header_sys_types_h=yes
ac_cv_header_unistd_h=yes
ac_cv_host=x86_64-unknown-linux-gnu
ac_cv_lib_lustreapi_llapi_quotactl=yes
ac_cv_objext=o
ac_cv_path_EGREP='/bin/grep -E'
ac_cv_path_GREP=/bin/grep
ac_cv_path_install='/usr/bin/install -c'
ac_cv_path_mkdir=/bin/mkdir
ac_cv_prog_AWK=gawk
ac_cv_prog_CPP='gcc -E'
ac_cv_prog_ac_ct_CC=gcc
ac_cv_prog_cc_c89=
ac_cv_prog_cc_g=yes
ac_cv_prog_make_make_set=yes
ac_cv_search_clnt_create='none required'
ac_cv_target=x86_64-unknown-linux-gnu
am_cv_CC_dependencies_compiler_type=gcc3

## ----------------- ##
## Output variables. ##
## ----------------- ##

ACLOCAL='${SHELL} /home/pcd14/git/rquota/config/missing --run aclocal-1.11'
AMDEPBACKSLASH='\'
AMDEP_FALSE='#'
AMDEP_TRUE=''
AMTAR='${SHELL} /home/pcd14/git/rquota/config/missing --run tar'
AUTOCONF='${SHELL} /home/pcd14/git/rquota/config/missing --run autoconf'
AUTOHEADER='${SHELL} /home/pcd14/git/rquota/config/missing --run autoheader'
AUTOMAKE='${SHELL} /home/pcd14/git/rquota/config/missing --run automake-1.11'
AWK='gawk'
CC='gcc'
CCDEPMODE='depmode=gcc3'
CFLAGS='-g -O2'
CPP='gcc -E'
CPPFLAGS=''
CYGPATH_W='echo'
DEFS='-DHAVE_CONFIG_H'
DEPDIR='.deps'
ECHO_C=''
ECHO_N='-n'
ECHO_T=''
EGREP='/bin/grep -E'
EXEEXT=''
GCCWARN='-Wall -Wno-unused'
GREP='/bin/grep'
INSTALL_DATA='${INSTALL} -m 644'
INSTALL_PROGRAM='${INSTALL}'
INSTALL_SCRIPT='${INSTALL}'
INSTALL_STRIP_PROGRAM='$(install_sh) -c -s'
LDFLAGS='-static'
LIBLUSTREAPI='-llustreapi'
LIBOBJS=''
LIBS=''
LTLIBOBJS=''
MAINT='#'
MAINTAINER_MODE_FALSE=''
MAINTAINER_MODE_TRUE='#'
MAKEINFO='${SHELL} /home/pcd14/git/rquota/config/missing --run makeinfo'
META_ALIAS='rquota-2.2.8'
META_AUTHOR=''
META_DATE='2012-06-07'
META_LT_AGE=''
META_LT_CURRENT=''
META_LT_REVISION=''
META_NAME='rquota'
META_RELEASE='1'
META_VERSION='2.2.8'
MKDIR_P='/bin/mkdir -p'
OBJEXT='o'
PACKAGE='rquota'
PACKAGE_BUGREPORT=''
PACKAGE_NAME='rquota'
PACKAGE_STRING='rquota 2.2.8'
PACKAGE_TARNAME='rquota'
PACKAGE_VERSION='2.2.8'
PATH_SEPARATOR=':'
SET_MAKE=''
SHELL='/bin/sh'
STRIP=''
VERSION='2.2.8'
X_BINDIR='/usr/local/bin'
X_DATADIR='${prefix}/share'
X_EXEC_PREFIX='/usr/local'
X_INCLUDEDIR='/usr/local/include'
X_INFODIR='${prefix}/share/info'
X_LIBDIR='/usr/local/lib'
X_LIBEXECDIR='/usr/local/libexec'
X_LOCALSTATEDIR='/usr/local/var'
X_MANDIR='${prefix}/share/man'
X_OLDINCLUDEDIR='/usr/include'
X_PREFIX='/usr/local'
X_SBINDIR='/usr/local/sbin'
X_SHAREDSTATEDIR='/usr/local/com'
X_SYSCONFDIR='/usr/local/etc'
ac_ct_CC='gcc'
am__EXEEXT_FALSE=''
am__EXEEXT_TRUE='#'
am__fastdepCC_FALSE='#'
am__fastdepCC_TRUE=''
am__include='include'
am__isrc=''
am__leading_dot='.'
am__quote=''
am__tar='${AMTAR} chof - "$$tardir"'
am__untar='${AMTAR} xf -'
bindir='${exec_prefix}/bin'
build='x86_64-unknown-linux-gnu'
build_alias=''
build_cpu='x86_64'
build_os='linux-gnu'
build_vendor='unknown'
datadir='${datarootdir}'
datarootdir='${prefix}/share'
docdir='${datarootdir}/doc/${PACKAGE_TARNAME}'
dvidir='${docdir}'
exec_prefix='${prefix}'
host='x86_64-unknown-linux-gnu'
host_alias=''
host_cpu='x86_64'
host_os='linux-gnu'
host_vendor='unknown'
htmldir='${docdir}'
includedir='${prefix}/include'
infodir='${datarootdir}/info'
install_sh='${SHELL} /home/pcd14/git/rquota/config/install-sh'
libdir='${exec_prefix}/lib'
libexecdir='${exec_prefix}/libexec'
localedir='${datarootdir}/locale'
localstatedir='${prefix}/var'
mandir='${datarootdir}/man'
mkdir_p='/bin/mkdir -p'
oldincludedir='/usr/include'
pdfdir='${docdir}'
prefix='/usr/local'
program_transform_name='s,x,x,'
psdir='${docdir}'
sbindir='${exec_prefix}/sbin'
sharedstatedir='${prefix}/com'
sysconfdir='${prefix}/etc'
target='x86_64-unknown-linux-gnu'
target_alias=''
target_cpu='x86_64'
target_os='linux-gnu'
target_vendor='unknown'

## ----------- ##
## confdefs.h. ##
## ----------- ##

#define PACKAGE_NAME "rquota"
#define PACKAGE_TARNAME "rquota"
#define PACKAGE_VERSION "2.2.8"
#define PACKAGE_STRING "rquota 2.2.8"
#define PACKAGE_BUGREPORT ""
#define META_NAME "rquota"
#define META_VERSION "2.2.8"
#define META_RELEASE "1"
#define META_ALIAS "rquota-2.2.8"
#define META_DATE "2012-06-07"
#define X_PREFIX "/usr/local"
#define X_EXEC_PREFIX "/usr/local"
#define X_BINDIR "/usr/local/bin"
#define X_SBINDIR "/usr/local/sbin"
#define X_LIBEXECDIR "/usr/local/libexec"
#define X_DATADIR "${prefix}/share"
#define X_SYSCONFDIR "/usr/local/etc"
#define X_SHAREDSTATEDIR "/usr/local/com"
#define X_LOCALSTATEDIR "/usr/local/var"
#define X_LIBDIR "/usr/local/lib"
#define X_INCLUDEDIR "/usr/local/include"
#define X_OLDINCLUDEDIR "/usr/include"
#define X_INFODIR "${prefix}/share/info"
#define X_MANDIR "${prefix}/share/man"
#define PACKAGE "rquota"
#define VERSION "2.2.8"
#define STDC_HEADERS 1
#define HAVE_SYS_TYPES_H 1
#define HAVE_SYS_STAT_H 1
#define HAVE_STDLIB_H 1
#define HAVE_STRING_H 1
#define HAVE_MEMORY_H 1
#define HAVE_STRINGS_H 1
#define HAVE_INTTYPES_H 1
#define HAVE_STDINT_H 1
#define HAVE_UNISTD_H 1
#define HAVE_GETOPT_H 1
#define HAVE_GETOPT_LONG 1
#define HAVE_LIBLUSTREAPI 1
#define WITH_LSD_FATAL_ERROR_FUNC 1
#define WITH_LSD_NOMEM_ERROR_FUNC 1

configure: exit 0
